<?xml version="1.0" encoding="UTF-8"?>
<!-- Generated by org.testng.reporters.JUnitReportReporter -->
<testsuite skipped="0" hostname="WKWUS0915228" name="Com.PracticeFramework.Com.PracticeFrame1.HoneDepotCreateAccount" tests="1" failures="0" timestamp="09 Jun 2021 03:03:22 GMT" time="11.424" errors="0">
  <testcase name="f" time="11.424" classname="Com.PracticeFramework.Com.PracticeFrame1.HoneDepotCreateAccount"/>
</testsuite> <!-- Com.PracticeFramework.Com.PracticeFrame1.HoneDepotCreateAccount -->
